2023-11-22 09:43:09,756 - INFO - autoreload - Watching for file changes with StatReloader
2023-11-22 09:43:22,944 - INFO - basehttp - "GET / HTTP/1.1" 200 4847
2023-11-22 09:44:12,058 - INFO - basehttp - "GET /news/22 HTTP/1.1" 200 4136
2023-11-22 09:44:23,265 - INFO - basehttp - "GET /news/category/ HTTP/1.1" 302 0
2023-11-22 09:44:23,320 - INFO - basehttp - "GET /account/login/?next=/news/category/ HTTP/1.1" 200 2160
2023-11-22 09:44:58,657 - INFO - basehttp - "POST /account/login/ HTTP/1.1" 302 0
2023-11-22 09:44:58,700 - INFO - basehttp - "GET /news/category/ HTTP/1.1" 200 2711
2023-11-22 09:45:26,475 - INFO - basehttp - "POST /news/category/ HTTP/1.1" 200 2711
2023-11-22 09:45:59,938 - INFO - basehttp - "POST /news/category/ HTTP/1.1" 200 2711
2023-11-22 09:46:40,198 - INFO - autoreload - C:\Users\Dom\PycharmProjects\NewsPortal\NewsPaper\NewsPaper\settings.py changed, reloading.
2023-11-22 09:46:41,281 - INFO - autoreload - Watching for file changes with StatReloader
2023-11-22 09:47:15,069 - INFO - basehttp - "POST /news/category/ HTTP/1.1" 200 2711
2023-11-22 09:47:48,773 - INFO - basehttp - "POST /news/category/ HTTP/1.1" 200 2711
2023-11-22 09:47:51,445 - ERROR - basehttp - "POST /news/category/ HTTP/1.1" 500 145
2023-11-22 09:55:19,422 - INFO - autoreload - C:\Users\Dom\PycharmProjects\NewsPortal\NewsPaper\NewsPaper\settings.py changed, reloading.
2023-11-22 09:55:20,602 - INFO - autoreload - Watching for file changes with StatReloader
2023-11-22 09:55:22,824 - INFO - basehttp - "POST /news/category/ HTTP/1.1" 200 2711
2023-11-22 10:09:54,202 - INFO - basehttp - "GET /admin/ HTTP/1.1" 302 0
2023-11-22 10:09:54,248 - INFO - basehttp - "GET /admin/login/?next=/admin/ HTTP/1.1" 200 4095
2023-11-22 10:09:54,297 - WARNING - basehttp - "GET /static/admin/css/base.css HTTP/1.1" 404 84
2023-11-22 10:09:54,306 - WARNING - basehttp - "GET /static/admin/css/nav_sidebar.css HTTP/1.1" 404 84
2023-11-22 10:09:54,308 - WARNING - basehttp - "GET /static/admin/js/nav_sidebar.js HTTP/1.1" 404 84
2023-11-22 10:09:54,312 - WARNING - basehttp - "GET /static/admin/css/responsive.css HTTP/1.1" 404 84
2023-11-22 10:09:54,312 - WARNING - basehttp - "GET /static/admin/js/theme.js HTTP/1.1" 404 84
2023-11-22 10:09:54,315 - WARNING - basehttp - "GET /static/admin/css/dark_mode.css HTTP/1.1" 404 84
2023-11-22 10:09:54,323 - WARNING - basehttp - "GET /static/admin/css/login.css HTTP/1.1" 404 84
2023-11-22 10:10:47,531 - INFO - basehttp - "POST /admin/login/?next=/admin/ HTTP/1.1" 302 0
2023-11-22 10:10:47,582 - INFO - basehttp - "GET /admin/ HTTP/1.1" 200 18685
2023-11-22 10:10:47,631 - WARNING - basehttp - "GET /static/admin/css/dashboard.css HTTP/1.1" 404 84
2023-11-22 10:10:47,632 - WARNING - basehttp - "GET /static/admin/css/base.css HTTP/1.1" 404 84
2023-11-22 10:10:47,632 - WARNING - basehttp - "GET /static/admin/css/nav_sidebar.css HTTP/1.1" 404 84
2023-11-22 10:10:47,634 - WARNING - basehttp - "GET /static/admin/css/dark_mode.css HTTP/1.1" 404 84
2023-11-22 10:10:47,633 - WARNING - basehttp - "GET /static/admin/css/responsive.css HTTP/1.1" 404 84
2023-11-22 10:10:47,642 - WARNING - basehttp - "GET /static/admin/js/nav_sidebar.js HTTP/1.1" 404 84
2023-11-22 10:10:47,643 - WARNING - basehttp - "GET /static/admin/js/theme.js HTTP/1.1" 404 84
2023-11-22 10:10:57,833 - INFO - basehttp - "GET /admin/ HTTP/1.1" 200 18685
2023-11-22 10:10:57,862 - WARNING - basehttp - "GET /static/admin/css/base.css HTTP/1.1" 404 84
2023-11-22 10:10:57,877 - WARNING - basehttp - "GET /static/admin/css/dark_mode.css HTTP/1.1" 404 84
2023-11-22 10:10:57,878 - WARNING - basehttp - "GET /static/admin/css/nav_sidebar.css HTTP/1.1" 404 84
2023-11-22 10:10:57,883 - WARNING - basehttp - "GET /static/admin/js/nav_sidebar.js HTTP/1.1" 404 84
2023-11-22 10:10:57,884 - WARNING - basehttp - "GET /static/admin/css/dashboard.css HTTP/1.1" 404 84
2023-11-22 10:10:57,884 - WARNING - basehttp - "GET /static/admin/css/responsive.css HTTP/1.1" 404 84
2023-11-22 10:10:57,885 - WARNING - basehttp - "GET /static/admin/js/theme.js HTTP/1.1" 404 84
2023-11-22 10:11:21,734 - INFO - basehttp - "GET /admin/ HTTP/1.1" 302 0
2023-11-22 10:11:21,751 - INFO - basehttp - "GET /admin/login/?next=/admin/ HTTP/1.1" 200 4264
2023-11-22 10:11:21,789 - WARNING - basehttp - "GET /static/admin/css/base.css HTTP/1.1" 404 84
2023-11-22 10:11:21,795 - WARNING - basehttp - "GET /static/admin/css/dark_mode.css HTTP/1.1" 404 84
2023-11-22 10:11:21,809 - WARNING - basehttp - "GET /static/admin/css/nav_sidebar.css HTTP/1.1" 404 84
2023-11-22 10:11:21,819 - WARNING - basehttp - "GET /static/admin/js/nav_sidebar.js HTTP/1.1" 404 84
2023-11-22 10:11:21,824 - WARNING - basehttp - "GET /static/admin/css/login.css HTTP/1.1" 404 84
2023-11-22 10:11:21,827 - WARNING - basehttp - "GET /static/admin/js/theme.js HTTP/1.1" 404 84
2023-11-22 10:11:21,827 - WARNING - basehttp - "GET /static/admin/css/responsive.css HTTP/1.1" 404 84
2023-11-22 10:11:21,873 - WARNING - basehttp - "GET /favicon.ico HTTP/1.1" 404 84
2023-11-22 10:11:29,515 - INFO - basehttp - "GET /admin/login/?next=/admin/ HTTP/1.1" 200 4264
2023-11-22 10:11:29,565 - WARNING - basehttp - "GET /static/admin/css/login.css HTTP/1.1" 404 84
2023-11-22 10:11:29,566 - WARNING - basehttp - "GET /static/admin/css/nav_sidebar.css HTTP/1.1" 404 84
2023-11-22 10:11:29,566 - WARNING - basehttp - "GET /static/admin/css/responsive.css HTTP/1.1" 404 84
2023-11-22 10:11:29,567 - WARNING - basehttp - "GET /static/admin/css/dark_mode.css HTTP/1.1" 404 84
2023-11-22 10:11:29,570 - WARNING - basehttp - "GET /static/admin/css/base.css HTTP/1.1" 404 84
2023-11-22 10:11:29,574 - WARNING - basehttp - "GET /static/admin/js/theme.js HTTP/1.1" 404 84
2023-11-22 10:11:29,575 - WARNING - basehttp - "GET /static/admin/js/nav_sidebar.js HTTP/1.1" 404 84
2023-11-22 10:12:07,928 - INFO - autoreload - Watching for file changes with StatReloader
2023-11-22 10:12:13,594 - INFO - basehttp - "GET /admin/login/?next=/admin/ HTTP/1.1" 200 4264
2023-11-22 10:12:13,607 - WARNING - basehttp - "GET /static/admin/css/base.css HTTP/1.1" 404 84
2023-11-22 10:12:13,615 - WARNING - basehttp - "GET /static/admin/css/nav_sidebar.css HTTP/1.1" 404 84
2023-11-22 10:12:13,618 - WARNING - basehttp - "GET /static/admin/js/nav_sidebar.js HTTP/1.1" 404 84
2023-11-22 10:12:13,624 - WARNING - basehttp - "GET /static/admin/css/responsive.css HTTP/1.1" 404 84
2023-11-22 10:12:13,626 - WARNING - basehttp - "GET /static/admin/js/theme.js HTTP/1.1" 404 84
2023-11-22 10:12:13,626 - WARNING - basehttp - "GET /static/admin/css/login.css HTTP/1.1" 404 84
2023-11-22 10:12:13,627 - WARNING - basehttp - "GET /static/admin/css/dark_mode.css HTTP/1.1" 404 84
2023-11-22 10:12:18,948 - INFO - basehttp - "GET /admin/ HTTP/1.1" 200 18685
2023-11-22 10:12:18,982 - WARNING - basehttp - "GET /static/admin/css/base.css HTTP/1.1" 404 84
2023-11-22 10:12:18,995 - WARNING - basehttp - "GET /static/admin/css/nav_sidebar.css HTTP/1.1" 404 84
2023-11-22 10:12:18,996 - WARNING - basehttp - "GET /static/admin/css/dark_mode.css HTTP/1.1" 404 84
2023-11-22 10:12:18,997 - WARNING - basehttp - "GET /static/admin/js/nav_sidebar.js HTTP/1.1" 404 84
2023-11-22 10:12:19,003 - WARNING - basehttp - "GET /static/admin/css/responsive.css HTTP/1.1" 404 84
2023-11-22 10:12:19,004 - WARNING - basehttp - "GET /static/admin/js/theme.js HTTP/1.1" 404 84
2023-11-22 10:12:19,018 - WARNING - basehttp - "GET /static/admin/css/dashboard.css HTTP/1.1" 404 84
2023-11-22 10:12:20,568 - INFO - basehttp - "GET /admin/ HTTP/1.1" 200 18685
2023-11-22 10:12:20,594 - WARNING - basehttp - "GET /static/admin/css/base.css HTTP/1.1" 404 84
2023-11-22 10:12:20,611 - WARNING - basehttp - "GET /static/admin/css/dark_mode.css HTTP/1.1" 404 84
2023-11-22 10:12:20,611 - WARNING - basehttp - "GET /static/admin/css/nav_sidebar.css HTTP/1.1" 404 84
2023-11-22 10:12:20,612 - WARNING - basehttp - "GET /static/admin/css/dashboard.css HTTP/1.1" 404 84
2023-11-22 10:12:20,615 - WARNING - basehttp - "GET /static/admin/js/nav_sidebar.js HTTP/1.1" 404 84
2023-11-22 10:12:20,615 - WARNING - basehttp - "GET /static/admin/js/theme.js HTTP/1.1" 404 84
2023-11-22 10:12:20,623 - WARNING - basehttp - "GET /static/admin/css/responsive.css HTTP/1.1" 404 84
2023-11-22 10:18:00,161 - INFO - autoreload - C:\Users\Dom\PycharmProjects\NewsPortal\NewsPaper\NewsPaper\settings.py changed, reloading.
